[2026-02-24 00:41:09] [INFO] Running single cycle
[2026-02-24 00:41:09] [INFO] DRY RUN MODE - No changes will be made
[2026-02-24 00:41:09] [INFO] === Starting cycle 20260224_004109 ===
[2026-02-24 00:41:09] [INFO] Found 0 items in Inbox
[2026-02-24 00:41:09] [INFO] Found 4 items in Needs_Action
[2026-02-24 00:41:09] [INFO] Processing task: EMAIL_sim_2026_Weekly Newsletter.md
[2026-02-24 00:41:09] [INFO] Task requires approval, moved to: /mnt/c/Users/Fozia/Hackhton0/Bronze-tier/AI_Employee_Vault/Pending_Approval/EMAIL_sim_2026_Weekly Newsletter.md
[2026-02-24 00:41:09] [INFO] Processing task: EMAIL_sim_2026_URGENT Invoice Payment Requir.md
[2026-02-24 00:41:09] [INFO] Task requires approval, moved to: /mnt/c/Users/Fozia/Hackhton0/Bronze-tier/AI_Employee_Vault/Pending_Approval/EMAIL_sim_2026_URGENT Invoice Payment Requir.md
[2026-02-24 00:41:09] [INFO] Processing task: EMAIL_sim_2026_Meeting Request Project Discu.md
[2026-02-24 00:41:09] [INFO] Task requires approval, moved to: /mnt/c/Users/Fozia/Hackhton0/Bronze-tier/AI_Employee_Vault/Pending_Approval/EMAIL_sim_2026_Meeting Request Project Discu.md
[2026-02-24 00:41:09] [INFO] Processing task: task1.txt.md
[2026-02-24 00:41:09] [INFO] Task completed, moved to: /mnt/c/Users/Fozia/Hackhton0/Bronze-tier/AI_Employee_Vault/Done/task1.txt_20260224_004109.md
[2026-02-24 00:41:09] [INFO] Found 1 items in Approved
[2026-02-24 00:41:09] [INFO] Executing approved task: PLAN_task1.txt_20260223_010342.md
[2026-02-24 00:41:09] [INFO] Task executed and moved to Done: /mnt/c/Users/Fozia/Hackhton0/Bronze-tier/AI_Employee_Vault/Done/PLAN_task1.txt_20260223_010342_20260224_004109.md
[2026-02-24 00:41:09] [INFO] === Cycle 20260224_004109 complete ===
[2026-02-24 00:41:30] [INFO] Running single cycle
[2026-02-24 00:41:30] [INFO] === Starting cycle 20260224_004130 ===
[2026-02-24 00:41:30] [INFO] Found 0 items in Inbox
[2026-02-24 00:41:30] [INFO] Found 4 items in Needs_Action
[2026-02-24 00:41:30] [INFO] Processing task: EMAIL_sim_2026_Weekly Newsletter.md
[2026-02-24 00:41:30] [INFO] Task requires approval, moved to: /mnt/c/Users/Fozia/Hackhton0/Bronze-tier/AI_Employee_Vault/Pending_Approval/EMAIL_sim_2026_Weekly Newsletter.md
[2026-02-24 00:41:30] [INFO] Processing task: EMAIL_sim_2026_URGENT Invoice Payment Requir.md
[2026-02-24 00:41:30] [INFO] Task requires approval, moved to: /mnt/c/Users/Fozia/Hackhton0/Bronze-tier/AI_Employee_Vault/Pending_Approval/EMAIL_sim_2026_URGENT Invoice Payment Requir.md
[2026-02-24 00:41:30] [INFO] Processing task: EMAIL_sim_2026_Meeting Request Project Discu.md
[2026-02-24 00:41:30] [INFO] Task requires approval, moved to: /mnt/c/Users/Fozia/Hackhton0/Bronze-tier/AI_Employee_Vault/Pending_Approval/EMAIL_sim_2026_Meeting Request Project Discu.md
[2026-02-24 00:41:30] [INFO] Processing task: task1.txt.md
[2026-02-24 00:41:30] [INFO] Task completed, moved to: /mnt/c/Users/Fozia/Hackhton0/Bronze-tier/AI_Employee_Vault/Done/task1.txt_20260224_004130.md
[2026-02-24 00:41:30] [INFO] Found 1 items in Approved
[2026-02-24 00:41:30] [INFO] Executing approved task: PLAN_task1.txt_20260223_010342.md
[2026-02-24 00:41:30] [INFO] Task executed and moved to Done: /mnt/c/Users/Fozia/Hackhton0/Bronze-tier/AI_Employee_Vault/Done/PLAN_task1.txt_20260223_010342_20260224_004130.md
[2026-02-24 00:41:30] [DEBUG] Dashboard updated
[2026-02-24 00:41:30] [INFO] === Cycle 20260224_004130 complete ===
[2026-02-24 00:54:05] [INFO] Running single cycle
[2026-02-24 00:54:05] [INFO] DRY RUN MODE - No changes will be made
[2026-02-24 00:54:05] [INFO] === Starting cycle 20260224_005405 ===
[2026-02-24 00:54:05] [INFO] Found 0 items in Inbox
[2026-02-24 00:54:05] [INFO] Found 0 items in Needs_Action
[2026-02-24 00:54:05] [INFO] Found 0 items in Approved
[2026-02-24 00:54:05] [INFO] === Cycle 20260224_005405 complete ===
[2026-02-24 00:55:21] [INFO] Running single cycle
[2026-02-24 00:55:21] [INFO] === Starting cycle 20260224_005521 ===
[2026-02-24 00:55:21] [INFO] Found 0 items in Inbox
[2026-02-24 00:55:21] [INFO] Found 0 items in Needs_Action
[2026-02-24 00:55:21] [INFO] Found 0 items in Approved
[2026-02-24 00:55:21] [DEBUG] Dashboard updated
[2026-02-24 00:55:21] [INFO] === Cycle 20260224_005521 complete ===
[2026-02-24 00:59:23] [INFO] Running single cycle
[2026-02-24 00:59:23] [INFO] === Starting cycle 20260224_005923 ===
[2026-02-24 00:59:23] [INFO] Found 1 items in Inbox
[2026-02-24 00:59:23] [INFO] Processing inbox item: task2.txt
[2026-02-24 00:59:23] [DEBUG] Moved to: /mnt/c/Users/Fozia/Hackhton0/Bronze-tier/AI_Employee_Vault/Needs_Action/linkedin/task2.txt
[2026-02-24 00:59:23] [DEBUG] Created metadata: /mnt/c/Users/Fozia/Hackhton0/Bronze-tier/AI_Employee_Vault/Needs_Action/linkedin/TASK_LINKEDIN_20260224_005923.md
[2026-02-24 00:59:23] [INFO] Found 1 items in Needs_Action
[2026-02-24 00:59:23] [INFO] Processing task: TASK_LINKEDIN_20260224_005923.md
[2026-02-24 00:59:23] [INFO] Task requires approval, moved to: /mnt/c/Users/Fozia/Hackhton0/Bronze-tier/AI_Employee_Vault/Pending_Approval/TASK_LINKEDIN_20260224_005923.md
[2026-02-24 00:59:23] [INFO] Found 0 items in Approved
[2026-02-24 00:59:23] [DEBUG] Dashboard updated
[2026-02-24 00:59:24] [INFO] === Cycle 20260224_005923 complete ===
[2026-02-24 01:03:58] [INFO] Running single cycle
[2026-02-24 01:03:58] [INFO] === Starting cycle 20260224_010358 ===
[2026-02-24 01:03:58] [INFO] Found 1 items in Inbox
[2026-02-24 01:03:58] [INFO] Processing inbox item: task3.txt
[2026-02-24 01:03:58] [DEBUG] Moved to: /mnt/c/Users/Fozia/Hackhton0/Bronze-tier/AI_Employee_Vault/Needs_Action/general/task3.txt
[2026-02-24 01:03:58] [DEBUG] Created metadata: /mnt/c/Users/Fozia/Hackhton0/Bronze-tier/AI_Employee_Vault/Needs_Action/general/TASK_GENERAL_20260224_010358.md
[2026-02-24 01:03:59] [INFO] Found 1 items in Needs_Action
[2026-02-24 01:03:59] [INFO] Processing task: TASK_GENERAL_20260224_010358.md
[2026-02-24 01:03:59] [INFO] Task completed, moved to: /mnt/c/Users/Fozia/Hackhton0/Bronze-tier/AI_Employee_Vault/Done/TASK_GENERAL_20260224_010358_20260224_010359.md
[2026-02-24 01:03:59] [INFO] Found 0 items in Approved
[2026-02-24 01:03:59] [DEBUG] Dashboard updated
[2026-02-24 01:03:59] [INFO] === Cycle 20260224_010358 complete ===
